This file contains any messages produced by compilers while
running configure, to aid debugging if configure makes a mistake.

It was created by configure, which was
generated by GNU Autoconf 2.69.  Invocation command line was

  $ ./configure --build=i486-linux-gnu --prefix=/usr --includedir=${prefix}/include --mandir=${prefix}/share/man --infodir=${prefix}/share/info --sysconfdir=/etc --localstatedir=/var --libexecdir=${prefix}/lib/athena-open-terminal --disable-maintainer-mode --disable-dependency-tracking

## --------- ##
## Platform. ##
## --------- ##

hostname = thebeast
uname -m = i686
uname -r = 3.3.6-solusos
uname -s = Linux
uname -v = #3 SMP PREEMPT Sun Jun 3 18:40:17 UTC 2012

/usr/bin/uname -p = unknown
/bin/uname -X     = unknown

/bin/arch              = unknown
/usr/bin/arch -k       = unknown
/usr/convex/getsysinfo = unknown
/usr/bin/hostinfo      = unknown
/bin/machine           = unknown
/usr/bin/oslevel       = unknown
/bin/universe          = unknown

PATH: /usr/local/bin
PATH: /usr/bin
PATH: /bin
PATH: /usr/local/games
PATH: /usr/games


## ----------- ##
## Core tests. ##
## ----------- ##

configure:2345: checking for a BSD-compatible install
configure:2413: result: /usr/bin/install -c
configure:2424: checking whether build environment is sane
configure:2474: result: yes
configure:2615: checking for a thread-safe mkdir -p
configure:2654: result: /bin/mkdir -p
configure:2667: checking for gawk
configure:2683: found /usr/bin/gawk
configure:2694: result: gawk
configure:2705: checking whether make sets $(MAKE)
configure:2727: result: yes
configure:2861: checking for gcc
configure:2877: found /usr/bin/gcc
configure:2888: result: gcc
configure:3117: checking for C compiler version
configure:3126: gcc --version >&5
gcc (Debian 4.7.1-2) 4.7.1
Copyright (C) 2012 Free Software Foundation, Inc.
This is free software; see the source for copying conditions.  There is NO
warranty; not even for MERCHANTABILITY or FITNESS FOR A PARTICULAR PURPOSE.

configure:3137: $? = 0
configure:3126: gcc -v >&5
Using built-in specs.
COLLECT_GCC=gcc
COLLECT_LTO_WRAPPER=/usr/lib/gcc/i486-linux-gnu/4.7/lto-wrapper
Target: i486-linux-gnu
Configured with: ../src/configure -v --with-pkgversion='Debian 4.7.1-2' --with-bugurl=file:///usr/share/doc/gcc-4.7/README.Bugs --enable-languages=c,c++,go,fortran,objc,obj-c++ --prefix=/usr --program-suffix=-4.7 --enable-shared --enable-linker-build-id --with-system-zlib --libexecdir=/usr/lib --without-included-gettext --enable-threads=posix --with-gxx-include-dir=/usr/include/c++/4.7 --libdir=/usr/lib --enable-nls --with-sysroot=/ --enable-clocale=gnu --enable-libstdcxx-debug --enable-libstdcxx-time=yes --enable-gnu-unique-object --enable-plugin --enable-objc-gc --enable-targets=all --with-arch-32=i586 --with-tune=generic --enable-checking=release --build=i486-linux-gnu --host=i486-linux-gnu --target=i486-linux-gnu
Thread model: posix
gcc version 4.7.1 (Debian 4.7.1-2) 
configure:3137: $? = 0
configure:3126: gcc -V >&5
gcc: error: unrecognized command line option '-V'
gcc: fatal error: no input files
compilation terminated.
configure:3137: $? = 4
configure:3126: gcc -qversion >&5
gcc: error: unrecognized command line option '-qversion'
gcc: fatal error: no input files
compilation terminated.
configure:3137: $? = 4
configure:3157: checking whether the C compiler works
configure:3179: gcc -g -O2 -fstack-protector --param=ssp-buffer-size=4 -Wformat -Werror=format-security -D_FORTIFY_SOURCE=2 -Wl,-z,defs -Wl,--as-needed conftest.c  >&5
configure:3183: $? = 0
configure:3231: result: yes
configure:3234: checking for C compiler default output file name
configure:3236: result: a.out
configure:3242: checking for suffix of executables
configure:3249: gcc -o conftest -g -O2 -fstack-protector --param=ssp-buffer-size=4 -Wformat -Werror=format-security -D_FORTIFY_SOURCE=2 -Wl,-z,defs -Wl,--as-needed conftest.c  >&5
configure:3253: $? = 0
configure:3275: result: 
configure:3297: checking whether we are cross compiling
configure:3305: gcc -o conftest -g -O2 -fstack-protector --param=ssp-buffer-size=4 -Wformat -Werror=format-security -D_FORTIFY_SOURCE=2 -Wl,-z,defs -Wl,--as-needed conftest.c  >&5
configure:3309: $? = 0
configure:3316: ./conftest
configure:3320: $? = 0
configure:3335: result: no
configure:3340: checking for suffix of object files
configure:3362: gcc -c -g -O2 -fstack-protector --param=ssp-buffer-size=4 -Wformat -Werror=format-security -D_FORTIFY_SOURCE=2 conftest.c >&5
configure:3366: $? = 0
configure:3387: result: o
configure:3391: checking whether we are using the GNU C compiler
configure:3410: gcc -c -g -O2 -fstack-protector --param=ssp-buffer-size=4 -Wformat -Werror=format-security -D_FORTIFY_SOURCE=2 conftest.c >&5
configure:3410: $? = 0
configure:3419: result: yes
configure:3428: checking whether gcc accepts -g
configure:3448: gcc -c -g -D_FORTIFY_SOURCE=2 conftest.c >&5
configure:3448: $? = 0
configure:3489: result: yes
configure:3506: checking for gcc option to accept ISO C89
configure:3569: gcc  -c -g -O2 -fstack-protector --param=ssp-buffer-size=4 -Wformat -Werror=format-security -D_FORTIFY_SOURCE=2 conftest.c >&5
configure:3569: $? = 0
configure:3582: result: none needed
configure:3613: checking for style of include used by make
configure:3641: result: GNU
configure:3667: checking dependency style of gcc
configure:3778: result: none
configure:3822: checking build system type
configure:3836: result: i486-pc-linux-gnu
configure:3856: checking host system type
configure:3869: result: i486-pc-linux-gnu
configure:3910: checking how to print strings
configure:3937: result: printf
configure:3958: checking for a sed that does not truncate output
configure:4022: result: /bin/sed
configure:4040: checking for grep that handles long lines and -e
configure:4098: result: /bin/grep
configure:4103: checking for egrep
configure:4165: result: /bin/grep -E
configure:4170: checking for fgrep
configure:4232: result: /bin/grep -F
configure:4267: checking for ld used by gcc
configure:4334: result: /usr/bin/ld
configure:4341: checking if the linker (/usr/bin/ld) is GNU ld
configure:4356: result: yes
configure:4368: checking for BSD- or MS-compatible name lister (nm)
configure:4417: result: /usr/bin/nm -B
configure:4547: checking the name lister (/usr/bin/nm -B) interface
configure:4554: gcc -c -g -O2 -fstack-protector --param=ssp-buffer-size=4 -Wformat -Werror=format-security -D_FORTIFY_SOURCE=2 conftest.c >&5
configure:4557: /usr/bin/nm -B "conftest.o"
configure:4560: output
00000000 B some_variable
configure:4567: result: BSD nm
configure:4570: checking whether ln -s works
configure:4574: result: yes
configure:4582: checking the maximum length of command line arguments
configure:4712: result: 805306365
configure:4729: checking whether the shell understands some XSI constructs
configure:4739: result: yes
configure:4743: checking whether the shell understands "+="
configure:4749: result: yes
configure:4784: checking how to convert i486-pc-linux-gnu file names to i486-pc-linux-gnu format
configure:4824: result: func_convert_file_noop
configure:4831: checking how to convert i486-pc-linux-gnu file names to toolchain format
configure:4851: result: func_convert_file_noop
configure:4858: checking for /usr/bin/ld option to reload object files
configure:4865: result: -r
configure:4939: checking for objdump
configure:4955: found /usr/bin/objdump
configure:4966: result: objdump
configure:4998: checking how to recognize dependent libraries
configure:5196: result: pass_all
configure:5281: checking for dlltool
configure:5311: result: no
configure:5341: checking how to associate runtime and link libraries
configure:5368: result: printf %s\n
configure:5429: checking for ar
configure:5445: found /usr/bin/ar
configure:5456: result: ar
configure:5493: checking for archiver @FILE support
configure:5510: gcc -c -g -O2 -fstack-protector --param=ssp-buffer-size=4 -Wformat -Werror=format-security -D_FORTIFY_SOURCE=2 conftest.c >&5
configure:5510: $? = 0
configure:5513: ar cru libconftest.a @conftest.lst >&5
configure:5516: $? = 0
configure:5521: ar cru libconftest.a @conftest.lst >&5
ar: conftest.o: No such file or directory
configure:5524: $? = 1
configure:5536: result: @
configure:5594: checking for strip
configure:5610: found /usr/bin/strip
configure:5621: result: strip
configure:5693: checking for ranlib
configure:5709: found /usr/bin/ranlib
configure:5720: result: ranlib
configure:5822: checking command to parse /usr/bin/nm -B output from gcc object
configure:5942: gcc -c -g -O2 -fstack-protector --param=ssp-buffer-size=4 -Wformat -Werror=format-security -D_FORTIFY_SOURCE=2 conftest.c >&5
configure:5945: $? = 0
configure:5949: /usr/bin/nm -B conftest.o \| sed -n -e 's/^.*[ ]\([ABCDGIRSTW][ABCDGIRSTW]*\)[ ][ ]*\([_A-Za-z][_A-Za-z0-9]*\)$/\1 \2 \2/p' | sed '/ __gnu_lto/d' \> conftest.nm
configure:5952: $? = 0
configure:6018: gcc -o conftest -g -O2 -fstack-protector --param=ssp-buffer-size=4 -Wformat -Werror=format-security -D_FORTIFY_SOURCE=2 -Wl,-z,defs -Wl,--as-needed conftest.c conftstm.o >&5
configure:6021: $? = 0
configure:6059: result: ok
configure:6096: checking for sysroot
configure:6126: result: no
configure:6382: checking for mt
configure:6398: found /bin/mt
configure:6409: result: mt
configure:6432: checking if mt is a manifest tool
configure:6438: mt '-?'
configure:6446: result: no
configure:7088: checking how to run the C preprocessor
configure:7119: gcc -E -D_FORTIFY_SOURCE=2 conftest.c
configure:7119: $? = 0
configure:7133: gcc -E -D_FORTIFY_SOURCE=2 conftest.c
conftest.c:11:28: fatal error: ac_nonexistent.h: No such file or directory
compilation terminated.
configure:7133: $? = 1
configure: failed program was:
| /* confdefs.h */
| #define PACKAGE_NAME ""
| #define PACKAGE_TARNAME ""
| #define PACKAGE_VERSION ""
| #define PACKAGE_STRING ""
| #define PACKAGE_BUGREPORT ""
| #define PACKAGE_URL ""
| #define PACKAGE "athena-open-terminal"
| #define VERSION "0.19"
| /* end confdefs.h.  */
| #include <ac_nonexistent.h>
configure:7158: result: gcc -E
configure:7178: gcc -E -D_FORTIFY_SOURCE=2 conftest.c
configure:7178: $? = 0
configure:7192: gcc -E -D_FORTIFY_SOURCE=2 conftest.c
conftest.c:11:28: fatal error: ac_nonexistent.h: No such file or directory
compilation terminated.
configure:7192: $? = 1
configure: failed program was:
| /* confdefs.h */
| #define PACKAGE_NAME ""
| #define PACKAGE_TARNAME ""
| #define PACKAGE_VERSION ""
| #define PACKAGE_STRING ""
| #define PACKAGE_BUGREPORT ""
| #define PACKAGE_URL ""
| #define PACKAGE "athena-open-terminal"
| #define VERSION "0.19"
| /* end confdefs.h.  */
| #include <ac_nonexistent.h>
configure:7221: checking for ANSI C header files
configure:7241: gcc -c -g -O2 -fstack-protector --param=ssp-buffer-size=4 -Wformat -Werror=format-security -D_FORTIFY_SOURCE=2 conftest.c >&5
configure:7241: $? = 0
configure:7314: gcc -o conftest -g -O2 -fstack-protector --param=ssp-buffer-size=4 -Wformat -Werror=format-security -D_FORTIFY_SOURCE=2 -Wl,-z,defs -Wl,--as-needed conftest.c  >&5
configure:7314: $? = 0
configure:7314: ./conftest
configure:7314: $? = 0
configure:7325: result: yes
configure:7338: checking for sys/types.h
configure:7338: gcc -c -g -O2 -fstack-protector --param=ssp-buffer-size=4 -Wformat -Werror=format-security -D_FORTIFY_SOURCE=2 conftest.c >&5
configure:7338: $? = 0
configure:7338: result: yes
configure:7338: checking for sys/stat.h
configure:7338: gcc -c -g -O2 -fstack-protector --param=ssp-buffer-size=4 -Wformat -Werror=format-security -D_FORTIFY_SOURCE=2 conftest.c >&5
configure:7338: $? = 0
configure:7338: result: yes
configure:7338: checking for stdlib.h
configure:7338: gcc -c -g -O2 -fstack-protector --param=ssp-buffer-size=4 -Wformat -Werror=format-security -D_FORTIFY_SOURCE=2 conftest.c >&5
configure:7338: $? = 0
configure:7338: result: yes
configure:7338: checking for string.h
configure:7338: gcc -c -g -O2 -fstack-protector --param=ssp-buffer-size=4 -Wformat -Werror=format-security -D_FORTIFY_SOURCE=2 conftest.c >&5
configure:7338: $? = 0
configure:7338: result: yes
configure:7338: checking for memory.h
configure:7338: gcc -c -g -O2 -fstack-protector --param=ssp-buffer-size=4 -Wformat -Werror=format-security -D_FORTIFY_SOURCE=2 conftest.c >&5
configure:7338: $? = 0
configure:7338: result: yes
configure:7338: checking for strings.h
configure:7338: gcc -c -g -O2 -fstack-protector --param=ssp-buffer-size=4 -Wformat -Werror=format-security -D_FORTIFY_SOURCE=2 conftest.c >&5
configure:7338: $? = 0
configure:7338: result: yes
configure:7338: checking for inttypes.h
configure:7338: gcc -c -g -O2 -fstack-protector --param=ssp-buffer-size=4 -Wformat -Werror=format-security -D_FORTIFY_SOURCE=2 conftest.c >&5
configure:7338: $? = 0
configure:7338: result: yes
configure:7338: checking for stdint.h
configure:7338: gcc -c -g -O2 -fstack-protector --param=ssp-buffer-size=4 -Wformat -Werror=format-security -D_FORTIFY_SOURCE=2 conftest.c >&5
configure:7338: $? = 0
configure:7338: result: yes
configure:7338: checking for unistd.h
configure:7338: gcc -c -g -O2 -fstack-protector --param=ssp-buffer-size=4 -Wformat -Werror=format-security -D_FORTIFY_SOURCE=2 conftest.c >&5
configure:7338: $? = 0
configure:7338: result: yes
configure:7352: checking for dlfcn.h
configure:7352: gcc -c -g -O2 -fstack-protector --param=ssp-buffer-size=4 -Wformat -Werror=format-security -D_FORTIFY_SOURCE=2 conftest.c >&5
configure:7352: $? = 0
configure:7352: result: yes
configure:7558: checking for objdir
configure:7573: result: .libs
configure:7840: checking if gcc supports -fno-rtti -fno-exceptions
configure:7858: gcc -c -g -O2 -fstack-protector --param=ssp-buffer-size=4 -Wformat -Werror=format-security -D_FORTIFY_SOURCE=2 -fno-rtti -fno-exceptions conftest.c >&5
cc1: warning: command line option '-fno-rtti' is valid for C++/ObjC++ but not for C [enabled by default]
configure:7862: $? = 0
configure:7875: result: no
configure:8202: checking for gcc option to produce PIC
configure:8209: result: -fPIC -DPIC
configure:8217: checking if gcc PIC flag -fPIC -DPIC works
configure:8235: gcc -c -g -O2 -fstack-protector --param=ssp-buffer-size=4 -Wformat -Werror=format-security -D_FORTIFY_SOURCE=2 -fPIC -DPIC -DPIC conftest.c >&5
configure:8239: $? = 0
configure:8252: result: yes
configure:8281: checking if gcc static flag -static works
configure:8309: result: yes
configure:8324: checking if gcc supports -c -o file.o
configure:8345: gcc -c -g -O2 -fstack-protector --param=ssp-buffer-size=4 -Wformat -Werror=format-security -D_FORTIFY_SOURCE=2 -o out/conftest2.o conftest.c >&5
configure:8349: $? = 0
configure:8371: result: yes
configure:8379: checking if gcc supports -c -o file.o
configure:8426: result: yes
configure:8459: checking whether the gcc linker (/usr/bin/ld) supports shared libraries
configure:9616: result: yes
configure:9653: checking whether -lc should be explicitly linked in
configure:9661: gcc -c -g -O2 -fstack-protector --param=ssp-buffer-size=4 -Wformat -Werror=format-security -D_FORTIFY_SOURCE=2 conftest.c >&5
configure:9664: $? = 0
configure:9679: gcc -shared  -fPIC -DPIC conftest.o  -v -Wl,-soname -Wl,conftest -o conftest 2\>\&1 \| /bin/grep  -lc  \>/dev/null 2\>\&1
configure:9682: $? = 0
configure:9696: result: no
configure:9856: checking dynamic linker characteristics
configure:10356: gcc -o conftest -g -O2 -fstack-protector --param=ssp-buffer-size=4 -Wformat -Werror=format-security -D_FORTIFY_SOURCE=2 -Wl,-z,defs -Wl,--as-needed -Wl,-rpath -Wl,/foo conftest.c  >&5
configure:10356: $? = 0
configure:10590: result: GNU/Linux ld.so
configure:10697: checking how to hardcode library paths into programs
configure:10722: result: immediate
configure:11262: checking whether stripping libraries is possible
configure:11267: result: yes
configure:11302: checking if libtool supports shared libraries
configure:11304: result: yes
configure:11307: checking whether to build shared libraries
configure:11328: result: yes
configure:11331: checking whether to build static libraries
configure:11335: result: yes
configure:11378: checking for pkg-config
configure:11394: found /usr/bin/pkg-config
configure:11406: result: yes
configure:11416: checking for pkg-config
configure:11434: found /usr/bin/pkg-config
configure:11447: result: /usr/bin/pkg-config
configure:11575: checking pkg-config is at least version 0.9.0
configure:11578: result: yes
configure:11588: checking for ATHENA
configure:11600: $PKG_CONFIG --exists --print-errors "
	libathena-extension >= $ATHENA_REQUIRED
	glib-2.0 >= $GLIB_REQUIRED
	gio-2.0,
	gconf-2.0
"
configure:11608: $? = 0
configure:11632: $PKG_CONFIG --exists --print-errors "
	libathena-extension >= $ATHENA_REQUIRED
	glib-2.0 >= $GLIB_REQUIRED
	gio-2.0,
	gconf-2.0
"
configure:11640: $? = 0
configure:11718: result: yes
configure:11724: checking for GCONF
configure:11731: $PKG_CONFIG --exists --print-errors "gconf-2.0"
configure:11734: $? = 0
configure:11748: $PKG_CONFIG --exists --print-errors "gconf-2.0"
configure:11751: $? = 0
configure:11809: result: yes
configure:11815: checking for GNOMEDESKTOP
configure:11822: $PKG_CONFIG --exists --print-errors "gnome-desktop-3.0 >= $LIBGNOME_DESKTOP_REQUIRED"
configure:11825: $? = 0
configure:11839: $PKG_CONFIG --exists --print-errors "gnome-desktop-3.0 >= $LIBGNOME_DESKTOP_REQUIRED"
configure:11842: $? = 0
configure:11900: result: yes
configure:11918: checking whether to enable maintainer-specific portions of Makefiles
configure:11927: result: no
configure:11964: checking for gconftool-2
configure:11982: found /usr/bin/gconftool-2
configure:11995: result: /usr/bin/gconftool-2
configure:12023: result: Using config source xml:merged:/etc/gconf/gconf.xml.defaults for schema installation
configure:12038: result: Using $(sysconfdir)/gconf/schemas as install directory for schema files
configure:12072: checking locale.h usability
configure:12072: gcc -c -g -O2 -fstack-protector --param=ssp-buffer-size=4 -Wformat -Werror=format-security -D_FORTIFY_SOURCE=2 conftest.c >&5
configure:12072: $? = 0
configure:12072: result: yes
configure:12072: checking locale.h presence
configure:12072: gcc -E -D_FORTIFY_SOURCE=2 conftest.c
configure:12072: $? = 0
configure:12072: result: yes
configure:12072: checking for locale.h
configure:12072: result: yes
configure:12083: checking for LC_MESSAGES
configure:12099: gcc -o conftest -g -O2 -fstack-protector --param=ssp-buffer-size=4 -Wformat -Werror=format-security -D_FORTIFY_SOURCE=2 -Wl,-z,defs -Wl,--as-needed conftest.c  >&5
configure:12099: $? = 0
configure:12107: result: yes
configure:12124: checking libintl.h usability
configure:12124: gcc -c -g -O2 -fstack-protector --param=ssp-buffer-size=4 -Wformat -Werror=format-security -D_FORTIFY_SOURCE=2 conftest.c >&5
configure:12124: $? = 0
configure:12124: result: yes
configure:12124: checking libintl.h presence
configure:12124: gcc -E -D_FORTIFY_SOURCE=2 conftest.c
configure:12124: $? = 0
configure:12124: result: yes
configure:12124: checking for libintl.h
configure:12124: result: yes
configure:12132: checking for ngettext in libc
configure:12150: gcc -o conftest -g -O2 -fstack-protector --param=ssp-buffer-size=4 -Wformat -Werror=format-security -D_FORTIFY_SOURCE=2 -Wl,-z,defs -Wl,--as-needed conftest.c  >&5
configure:12150: $? = 0
configure:12159: result: yes
configure:12163: checking for dgettext in libc
configure:12181: gcc -o conftest -g -O2 -fstack-protector --param=ssp-buffer-size=4 -Wformat -Werror=format-security -D_FORTIFY_SOURCE=2 -Wl,-z,defs -Wl,--as-needed conftest.c  >&5
configure:12181: $? = 0
configure:12190: result: yes
configure:12197: checking for bind_textdomain_codeset
configure:12197: gcc -o conftest -g -O2 -fstack-protector --param=ssp-buffer-size=4 -Wformat -Werror=format-security -D_FORTIFY_SOURCE=2 -Wl,-z,defs -Wl,--as-needed conftest.c  >&5
configure:12197: $? = 0
configure:12197: result: yes
configure:12473: checking for msgfmt
configure:12500: result: /usr/bin/msgfmt
configure:12511: checking for dcgettext
configure:12511: gcc -o conftest -g -O2 -fstack-protector --param=ssp-buffer-size=4 -Wformat -Werror=format-security -D_FORTIFY_SOURCE=2 -Wl,-z,defs -Wl,--as-needed conftest.c   >&5
conftest.c:51:6: warning: conflicting types for built-in function 'dcgettext' [enabled by default]
configure:12511: $? = 0
configure:12511: result: yes
configure:12521: checking if msgfmt accepts -c
configure:12536: $MSGFMT -c -o /dev/null conftest.foo
configure:12539: $? = 0
configure:12541: result: yes
configure:12551: checking for gmsgfmt
configure:12582: result: /usr/bin/msgfmt
configure:12592: checking for xgettext
configure:12619: result: /usr/bin/xgettext
configure:12638: gcc -o conftest -g -O2 -fstack-protector --param=ssp-buffer-size=4 -Wformat -Werror=format-security -D_FORTIFY_SOURCE=2 -Wl,-z,defs -Wl,--as-needed conftest.c   >&5
configure:12638: $? = 0
configure:12778: checking whether NLS is requested
configure:12787: result: yes
configure:12805: checking for intltool >= 0.35.0
configure:12807: result: 0.50.2 found
configure:12815: checking for intltool-update
configure:12833: found /usr/bin/intltool-update
configure:12845: result: /usr/bin/intltool-update
configure:12855: checking for intltool-merge
configure:12873: found /usr/bin/intltool-merge
configure:12885: result: /usr/bin/intltool-merge
configure:12895: checking for intltool-extract
configure:12913: found /usr/bin/intltool-extract
configure:12925: result: /usr/bin/intltool-extract
configure:13079: checking for xgettext
configure:13109: result: /usr/bin/xgettext
configure:13119: checking for msgmerge
configure:13137: found /usr/bin/msgmerge
configure:13149: result: /usr/bin/msgmerge
configure:13159: checking for msgfmt
configure:13189: result: /usr/bin/msgfmt
configure:13199: checking for gmsgfmt
configure:13230: result: /usr/bin/msgfmt
configure:13250: checking for perl
configure:13268: found /usr/bin/perl
configure:13280: result: /usr/bin/perl
configure:13291: checking for perl >= 5.8.1
configure:13298: result: 5.14.2
configure:13302: checking for XML::Parser
configure:13305: result: ok
configure:13504: creating ./config.status

## ---------------------- ##
## Running config.status. ##
## ---------------------- ##

This file was extended by config.status, which was
generated by GNU Autoconf 2.69.  Invocation command line was

  CONFIG_FILES    = 
  CONFIG_HEADERS  = 
  CONFIG_LINKS    = 
  CONFIG_COMMANDS = 
  $ ./config.status 

on thebeast

config.status:1183: creating Makefile
config.status:1183: creating src/Makefile
config.status:1183: creating po/Makefile.in
config.status:1183: creating config.h
config.status:1412: executing depfiles commands
config.status:1412: executing libtool commands
config.status:1412: executing default-1 commands
config.status:1412: executing po/stamp-it commands

## ---------------- ##
## Cache variables. ##
## ---------------- ##

ac_cv_build=i486-pc-linux-gnu
ac_cv_c_compiler_gnu=yes
ac_cv_env_ATHENA_CFLAGS_set=
ac_cv_env_ATHENA_CFLAGS_value=
ac_cv_env_ATHENA_LIBS_set=
ac_cv_env_ATHENA_LIBS_value=
ac_cv_env_CC_set=
ac_cv_env_CC_value=
ac_cv_env_CFLAGS_set=set
ac_cv_env_CFLAGS_value='-g -O2 -fstack-protector --param=ssp-buffer-size=4 -Wformat -Werror=format-security'
ac_cv_env_CPPFLAGS_set=set
ac_cv_env_CPPFLAGS_value=-D_FORTIFY_SOURCE=2
ac_cv_env_CPP_set=
ac_cv_env_CPP_value=
ac_cv_env_GCONF_CFLAGS_set=
ac_cv_env_GCONF_CFLAGS_value=
ac_cv_env_GCONF_LIBS_set=
ac_cv_env_GCONF_LIBS_value=
ac_cv_env_GNOMEDESKTOP_CFLAGS_set=
ac_cv_env_GNOMEDESKTOP_CFLAGS_value=
ac_cv_env_GNOMEDESKTOP_LIBS_set=
ac_cv_env_GNOMEDESKTOP_LIBS_value=
ac_cv_env_LDFLAGS_set=set
ac_cv_env_LDFLAGS_value='-Wl,-z,defs -Wl,--as-needed'
ac_cv_env_LIBS_set=
ac_cv_env_LIBS_value=
ac_cv_env_PKG_CONFIG_LIBDIR_set=
ac_cv_env_PKG_CONFIG_LIBDIR_value=
ac_cv_env_PKG_CONFIG_PATH_set=
ac_cv_env_PKG_CONFIG_PATH_value=
ac_cv_env_PKG_CONFIG_set=
ac_cv_env_PKG_CONFIG_value=
ac_cv_env_build_alias_set=set
ac_cv_env_build_alias_value=i486-linux-gnu
ac_cv_env_host_alias_set=
ac_cv_env_host_alias_value=
ac_cv_env_target_alias_set=
ac_cv_env_target_alias_value=
ac_cv_func_bind_textdomain_codeset=yes
ac_cv_func_dcgettext=yes
ac_cv_header_dlfcn_h=yes
ac_cv_header_inttypes_h=yes
ac_cv_header_libintl_h=yes
ac_cv_header_locale_h=yes
ac_cv_header_memory_h=yes
ac_cv_header_stdc=yes
ac_cv_header_stdint_h=yes
ac_cv_header_stdlib_h=yes
ac_cv_header_string_h=yes
ac_cv_header_strings_h=yes
ac_cv_header_sys_stat_h=yes
ac_cv_header_sys_types_h=yes
ac_cv_header_unistd_h=yes
ac_cv_host=i486-pc-linux-gnu
ac_cv_objext=o
ac_cv_path_EGREP='/bin/grep -E'
ac_cv_path_FGREP='/bin/grep -F'
ac_cv_path_GCONFTOOL=/usr/bin/gconftool-2
ac_cv_path_GMSGFMT=/usr/bin/msgfmt
ac_cv_path_GREP=/bin/grep
ac_cv_path_INTLTOOL_EXTRACT=/usr/bin/intltool-extract
ac_cv_path_INTLTOOL_MERGE=/usr/bin/intltool-merge
ac_cv_path_INTLTOOL_PERL=/usr/bin/perl
ac_cv_path_INTLTOOL_UPDATE=/usr/bin/intltool-update
ac_cv_path_MSGFMT=/usr/bin/msgfmt
ac_cv_path_MSGMERGE=/usr/bin/msgmerge
ac_cv_path_PKG_CONFIG=/usr/bin/pkg-config
ac_cv_path_SED=/bin/sed
ac_cv_path_XGETTEXT=/usr/bin/xgettext
ac_cv_path_install='/usr/bin/install -c'
ac_cv_path_mkdir=/bin/mkdir
ac_cv_prog_AWK=gawk
ac_cv_prog_CPP='gcc -E'
ac_cv_prog_HAVE_PKGCONFIG=yes
ac_cv_prog_ac_ct_AR=ar
ac_cv_prog_ac_ct_CC=gcc
ac_cv_prog_ac_ct_MANIFEST_TOOL=mt
ac_cv_prog_ac_ct_OBJDUMP=objdump
ac_cv_prog_ac_ct_RANLIB=ranlib
ac_cv_prog_ac_ct_STRIP=strip
ac_cv_prog_cc_c89=
ac_cv_prog_cc_g=yes
ac_cv_prog_make_make_set=yes
am_cv_CC_dependencies_compiler_type=none
am_cv_val_LC_MESSAGES=yes
gt_cv_func_dgettext_libc=yes
gt_cv_func_dgettext_libintl=no
gt_cv_func_ngettext_libc=yes
gt_cv_have_gettext=yes
lt_cv_ar_at_file=@
lt_cv_archive_cmds_need_lc=no
lt_cv_deplibs_check_method=pass_all
lt_cv_file_magic_cmd='$MAGIC_CMD'
lt_cv_file_magic_test_file=
lt_cv_ld_reload_flag=-r
lt_cv_nm_interface='BSD nm'
lt_cv_objdir=.libs
lt_cv_path_LD=/usr/bin/ld
lt_cv_path_NM='/usr/bin/nm -B'
lt_cv_path_mainfest_tool=no
lt_cv_prog_compiler_c_o=yes
lt_cv_prog_compiler_pic='-fPIC -DPIC'
lt_cv_prog_compiler_pic_works=yes
lt_cv_prog_compiler_rtti_exceptions=no
lt_cv_prog_compiler_static_works=yes
lt_cv_prog_gnu_ld=yes
lt_cv_sharedlib_from_linklib_cmd='printf %s\n'
lt_cv_shlibpath_overrides_runpath=no
lt_cv_sys_global_symbol_pipe='sed -n -e '\''s/^.*[	 ]\([ABCDGIRSTW][ABCDGIRSTW]*\)[	 ][	 ]*\([_A-Za-z][_A-Za-z0-9]*\)$/\1 \2 \2/p'\'' | sed '\''/ __gnu_lto/d'\'''
lt_cv_sys_global_symbol_to_c_name_address='sed -n -e '\''s/^: \([^ ]*\)[ ]*$/  {\"\1\", (void *) 0},/p'\'' -e '\''s/^[ABCDGIRSTW]* \([^ ]*\) \([^ ]*\)$/  {"\2", (void *) \&\2},/p'\'''
lt_cv_sys_global_symbol_to_c_name_address_lib_prefix='sed -n -e '\''s/^: \([^ ]*\)[ ]*$/  {\"\1\", (void *) 0},/p'\'' -e '\''s/^[ABCDGIRSTW]* \([^ ]*\) \(lib[^ ]*\)$/  {"\2", (void *) \&\2},/p'\'' -e '\''s/^[ABCDGIRSTW]* \([^ ]*\) \([^ ]*\)$/  {"lib\2", (void *) \&\2},/p'\'''
lt_cv_sys_global_symbol_to_cdecl='sed -n -e '\''s/^T .* \(.*\)$/extern int \1();/p'\'' -e '\''s/^[ABCDGIRSTW]* .* \(.*\)$/extern char \1;/p'\'''
lt_cv_sys_max_cmd_len=805306365
lt_cv_to_host_file_cmd=func_convert_file_noop
lt_cv_to_tool_file_cmd=func_convert_file_noop
pkg_cv_ATHENA_CFLAGS='-pthread -I/usr/include/glib-2.0 -I/usr/lib/i386-linux-gnu/glib-2.0/include -I/usr/include/gtk-3.0 -I/usr/include/pango-1.0 -I/usr/include/gio-unix-2.0/ -I/usr/include/atk-1.0 -I/usr/include/cairo -I/usr/include/gdk-pixbuf-2.0 -I/usr/include/freetype2 -I/usr/include/pixman-1 -I/usr/include/libpng12 -I/usr/include/gconf/2 -I/usr/include/dbus-1.0 -I/usr/lib/i386-linux-gnu/dbus-1.0/include -I/usr/include/athena  '
pkg_cv_ATHENA_LIBS='-lathena-extension -lgtk-3 -lgdk-3 -latk-1.0 -lpangocairo-1.0 -lgdk_pixbuf-2.0 -lcairo-gobject -lpango-1.0 -lcairo -lgio-2.0 -lgobject-2.0 -lgconf-2 -lglib-2.0  '
pkg_cv_GCONF_CFLAGS='-pthread -I/usr/include/gconf/2 -I/usr/include/dbus-1.0 -I/usr/lib/i386-linux-gnu/dbus-1.0/include -I/usr/include/glib-2.0 -I/usr/lib/i386-linux-gnu/glib-2.0/include  '
pkg_cv_GCONF_LIBS='-lgconf-2 -lglib-2.0  '
pkg_cv_GNOMEDESKTOP_CFLAGS='-pthread -I/usr/include/gtk-3.0 -I/usr/include/pango-1.0 -I/usr/include/gio-unix-2.0/ -I/usr/include/atk-1.0 -I/usr/include/cairo -I/usr/include/gdk-pixbuf-2.0 -I/usr/include/freetype2 -I/usr/include/glib-2.0 -I/usr/lib/i386-linux-gnu/glib-2.0/include -I/usr/include/pixman-1 -I/usr/include/libpng12 -I/usr/include/gnome-desktop-3.0 -I/usr/include/gsettings-desktop-schemas  '
pkg_cv_GNOMEDESKTOP_LIBS='-lgnome-desktop-3 -lgtk-3 -lgdk-3 -latk-1.0 -lgio-2.0 -lpangocairo-1.0 -lgdk_pixbuf-2.0 -lcairo-gobject -lpango-1.0 -lcairo -lgobject-2.0 -lglib-2.0  '

## ----------------- ##
## Output variables. ##
## ----------------- ##

ACLOCAL='${SHELL} /home/ikey/Athena/athena-open-terminal-0.19/missing --run aclocal-1.11'
ALL_LINGUAS=''
AMDEPBACKSLASH=''
AMDEP_FALSE=''
AMDEP_TRUE='#'
AMTAR='$${TAR-tar}'
AM_DEFAULT_VERBOSITY='1'
AR='ar'
ATHENA_CFLAGS='-pthread -I/usr/include/glib-2.0 -I/usr/lib/i386-linux-gnu/glib-2.0/include -I/usr/include/gtk-3.0 -I/usr/include/pango-1.0 -I/usr/include/gio-unix-2.0/ -I/usr/include/atk-1.0 -I/usr/include/cairo -I/usr/include/gdk-pixbuf-2.0 -I/usr/include/freetype2 -I/usr/include/pixman-1 -I/usr/include/libpng12 -I/usr/include/gconf/2 -I/usr/include/dbus-1.0 -I/usr/lib/i386-linux-gnu/dbus-1.0/include -I/usr/include/athena  '
ATHENA_EXTENSION_DIR='/usr/lib/athena/extensions-3.0'
ATHENA_LIBS='-lathena-extension -lgtk-3 -lgdk-3 -latk-1.0 -lpangocairo-1.0 -lgdk_pixbuf-2.0 -lcairo-gobject -lpango-1.0 -lcairo -lgio-2.0 -lgobject-2.0 -lgconf-2 -lglib-2.0  '
AUTOCONF='${SHELL} /home/ikey/Athena/athena-open-terminal-0.19/missing --run autoconf'
AUTOHEADER='${SHELL} /home/ikey/Athena/athena-open-terminal-0.19/missing --run autoheader'
AUTOMAKE='${SHELL} /home/ikey/Athena/athena-open-terminal-0.19/missing --run automake-1.11'
AWK='gawk'
CATALOGS=''
CATOBJEXT='.gmo'
CC='gcc'
CCDEPMODE='depmode=none'
CFLAGS='-g -O2 -fstack-protector --param=ssp-buffer-size=4 -Wformat -Werror=format-security'
CPP='gcc -E'
CPPFLAGS='-D_FORTIFY_SOURCE=2'
CYGPATH_W='echo'
DATADIRNAME='share'
DEFS='-DHAVE_CONFIG_H'
DEPDIR='.deps'
DISABLE_DEPRECATED=''
DLLTOOL='false'
DSYMUTIL=''
DUMPBIN=''
ECHO_C=''
ECHO_N='-n'
ECHO_T=''
EGREP='/bin/grep -E'
EXEEXT=''
FGREP='/bin/grep -F'
GCONFTOOL='/usr/bin/gconftool-2'
GCONF_CFLAGS='-pthread -I/usr/include/gconf/2 -I/usr/include/dbus-1.0 -I/usr/lib/i386-linux-gnu/dbus-1.0/include -I/usr/include/glib-2.0 -I/usr/lib/i386-linux-gnu/glib-2.0/include  '
GCONF_LIBS='-lgconf-2 -lglib-2.0  '
GCONF_SCHEMAS_INSTALL_FALSE='#'
GCONF_SCHEMAS_INSTALL_TRUE=''
GCONF_SCHEMA_CONFIG_SOURCE='xml:merged:/etc/gconf/gconf.xml.defaults'
GCONF_SCHEMA_FILE_DIR='$(sysconfdir)/gconf/schemas'
GETTEXT_PACKAGE='athena-open-terminal'
GMOFILES=''
GMSGFMT='/usr/bin/msgfmt'
GNOMEDESKTOP_CFLAGS='-pthread -I/usr/include/gtk-3.0 -I/usr/include/pango-1.0 -I/usr/include/gio-unix-2.0/ -I/usr/include/atk-1.0 -I/usr/include/cairo -I/usr/include/gdk-pixbuf-2.0 -I/usr/include/freetype2 -I/usr/include/glib-2.0 -I/usr/lib/i386-linux-gnu/glib-2.0/include -I/usr/include/pixman-1 -I/usr/include/libpng12 -I/usr/include/gnome-desktop-3.0 -I/usr/include/gsettings-desktop-schemas  '
GNOMEDESKTOP_LIBS='-lgnome-desktop-3 -lgtk-3 -lgdk-3 -latk-1.0 -lgio-2.0 -lpangocairo-1.0 -lgdk_pixbuf-2.0 -lcairo-gobject -lpango-1.0 -lcairo -lgobject-2.0 -lglib-2.0  '
GREP='/bin/grep'
HAVE_PKGCONFIG='yes'
INSTALL_DATA='${INSTALL} -m 644'
INSTALL_PROGRAM='${INSTALL}'
INSTALL_SCRIPT='${INSTALL}'
INSTALL_STRIP_PROGRAM='$(install_sh) -c -s'
INSTOBJEXT='.mo'
INTLLIBS=''
INTLTOOL_CAVES_RULE='%.caves:     %.caves.in     $(INTLTOOL_MERGE) $(wildcard $(top_srcdir)/po/*.po) ; $(INTLTOOL_V_MERGE)LC_ALL=C $(INTLTOOL_MERGE) $(INTLTOOL_V_MERGE_OPTIONS) -d -u -c $(top_builddir)/po/.intltool-merge-cache $(top_srcdir)/po $< $@'
INTLTOOL_DESKTOP_RULE='%.desktop:   %.desktop.in   $(INTLTOOL_MERGE) $(wildcard $(top_srcdir)/po/*.po) ; $(INTLTOOL_V_MERGE)LC_ALL=C $(INTLTOOL_MERGE) $(INTLTOOL_V_MERGE_OPTIONS) -d -u -c $(top_builddir)/po/.intltool-merge-cache $(top_srcdir)/po $< $@'
INTLTOOL_DIRECTORY_RULE='%.directory: %.directory.in $(INTLTOOL_MERGE) $(wildcard $(top_srcdir)/po/*.po) ; $(INTLTOOL_V_MERGE)LC_ALL=C $(INTLTOOL_MERGE) $(INTLTOOL_V_MERGE_OPTIONS) -d -u -c $(top_builddir)/po/.intltool-merge-cache $(top_srcdir)/po $< $@'
INTLTOOL_EXTRACT='/usr/bin/intltool-extract'
INTLTOOL_KBD_RULE='%.kbd:       %.kbd.in       $(INTLTOOL_MERGE) $(wildcard $(top_srcdir)/po/*.po) ; $(INTLTOOL_V_MERGE)LC_ALL=C $(INTLTOOL_MERGE) $(INTLTOOL_V_MERGE_OPTIONS) -x -u -m -c $(top_builddir)/po/.intltool-merge-cache $(top_srcdir)/po $< $@'
INTLTOOL_KEYS_RULE='%.keys:      %.keys.in      $(INTLTOOL_MERGE) $(wildcard $(top_srcdir)/po/*.po) ; $(INTLTOOL_V_MERGE)LC_ALL=C $(INTLTOOL_MERGE) $(INTLTOOL_V_MERGE_OPTIONS) -k -u -c $(top_builddir)/po/.intltool-merge-cache $(top_srcdir)/po $< $@'
INTLTOOL_MERGE='/usr/bin/intltool-merge'
INTLTOOL_OAF_RULE='%.oaf:       %.oaf.in       $(INTLTOOL_MERGE) $(wildcard $(top_srcdir)/po/*.po) ; $(INTLTOOL_V_MERGE)LC_ALL=C $(INTLTOOL_MERGE) $(INTLTOOL_V_MERGE_OPTIONS) -o -p $(top_srcdir)/po $< $@'
INTLTOOL_PERL='/usr/bin/perl'
INTLTOOL_POLICY_RULE='%.policy:    %.policy.in    $(INTLTOOL_MERGE) $(wildcard $(top_srcdir)/po/*.po) ; $(INTLTOOL_V_MERGE)LC_ALL=C $(INTLTOOL_MERGE) $(INTLTOOL_V_MERGE_OPTIONS) -x -u -c $(top_builddir)/po/.intltool-merge-cache $(top_srcdir)/po $< $@'
INTLTOOL_PONG_RULE='%.pong:      %.pong.in      $(INTLTOOL_MERGE) $(wildcard $(top_srcdir)/po/*.po) ; $(INTLTOOL_V_MERGE)LC_ALL=C $(INTLTOOL_MERGE) $(INTLTOOL_V_MERGE_OPTIONS) -x -u -c $(top_builddir)/po/.intltool-merge-cache $(top_srcdir)/po $< $@'
INTLTOOL_PROP_RULE='%.prop:      %.prop.in      $(INTLTOOL_MERGE) $(wildcard $(top_srcdir)/po/*.po) ; $(INTLTOOL_V_MERGE)LC_ALL=C $(INTLTOOL_MERGE) $(INTLTOOL_V_MERGE_OPTIONS) -d -u -c $(top_builddir)/po/.intltool-merge-cache $(top_srcdir)/po $< $@'
INTLTOOL_SCHEMAS_RULE='%.schemas:   %.schemas.in   $(INTLTOOL_MERGE) $(wildcard $(top_srcdir)/po/*.po) ; $(INTLTOOL_V_MERGE)LC_ALL=C $(INTLTOOL_MERGE) $(INTLTOOL_V_MERGE_OPTIONS) -s -u -c $(top_builddir)/po/.intltool-merge-cache $(top_srcdir)/po $< $@'
INTLTOOL_SERVER_RULE='%.server:    %.server.in    $(INTLTOOL_MERGE) $(wildcard $(top_srcdir)/po/*.po) ; $(INTLTOOL_V_MERGE)LC_ALL=C $(INTLTOOL_MERGE) $(INTLTOOL_V_MERGE_OPTIONS) -o -u -c $(top_builddir)/po/.intltool-merge-cache $(top_srcdir)/po $< $@'
INTLTOOL_SERVICE_RULE='%.service: %.service.in   $(INTLTOOL_MERGE) $(wildcard $(top_srcdir)/po/*.po) ; $(INTLTOOL_V_MERGE)LC_ALL=C $(INTLTOOL_MERGE) $(INTLTOOL_V_MERGE_OPTIONS) -d -u -c $(top_builddir)/po/.intltool-merge-cache $(top_srcdir)/po $< $@'
INTLTOOL_SHEET_RULE='%.sheet:     %.sheet.in     $(INTLTOOL_MERGE) $(wildcard $(top_srcdir)/po/*.po) ; $(INTLTOOL_V_MERGE)LC_ALL=C $(INTLTOOL_MERGE) $(INTLTOOL_V_MERGE_OPTIONS) -x -u -c $(top_builddir)/po/.intltool-merge-cache $(top_srcdir)/po $< $@'
INTLTOOL_SOUNDLIST_RULE='%.soundlist: %.soundlist.in $(INTLTOOL_MERGE) $(wildcard $(top_srcdir)/po/*.po) ; $(INTLTOOL_V_MERGE)LC_ALL=C $(INTLTOOL_MERGE) $(INTLTOOL_V_MERGE_OPTIONS) -d -u -c $(top_builddir)/po/.intltool-merge-cache $(top_srcdir)/po $< $@'
INTLTOOL_THEME_RULE='%.theme:     %.theme.in     $(INTLTOOL_MERGE) $(wildcard $(top_srcdir)/po/*.po) ; $(INTLTOOL_V_MERGE)LC_ALL=C $(INTLTOOL_MERGE) $(INTLTOOL_V_MERGE_OPTIONS) -d -u -c $(top_builddir)/po/.intltool-merge-cache $(top_srcdir)/po $< $@'
INTLTOOL_UI_RULE='%.ui:        %.ui.in        $(INTLTOOL_MERGE) $(wildcard $(top_srcdir)/po/*.po) ; $(INTLTOOL_V_MERGE)LC_ALL=C $(INTLTOOL_MERGE) $(INTLTOOL_V_MERGE_OPTIONS) -x -u -c $(top_builddir)/po/.intltool-merge-cache $(top_srcdir)/po $< $@'
INTLTOOL_UPDATE='/usr/bin/intltool-update'
INTLTOOL_V_MERGE='$(INTLTOOL__v_MERGE_$(V))'
INTLTOOL_V_MERGE_OPTIONS='$(intltool__v_merge_options_$(V))'
INTLTOOL_XAM_RULE='%.xam:       %.xml.in       $(INTLTOOL_MERGE) $(wildcard $(top_srcdir)/po/*.po) ; $(INTLTOOL_V_MERGE)LC_ALL=C $(INTLTOOL_MERGE) $(INTLTOOL_V_MERGE_OPTIONS) -x -u -c $(top_builddir)/po/.intltool-merge-cache $(top_srcdir)/po $< $@'
INTLTOOL_XML_NOMERGE_RULE='%.xml:       %.xml.in       $(INTLTOOL_MERGE) ; $(INTLTOOL_V_MERGE)LC_ALL=C $(INTLTOOL_MERGE) $(INTLTOOL_V_MERGE_OPTIONS) -x -u --no-translations $< $@'
INTLTOOL_XML_RULE='%.xml:       %.xml.in       $(INTLTOOL_MERGE) $(wildcard $(top_srcdir)/po/*.po) ; $(INTLTOOL_V_MERGE)LC_ALL=C $(INTLTOOL_MERGE) $(INTLTOOL_V_MERGE_OPTIONS) -x -u -c $(top_builddir)/po/.intltool-merge-cache $(top_srcdir)/po $< $@'
INTLTOOL__v_MERGE_0='@echo "  ITMRG " $@;'
INTLTOOL__v_MERGE_='$(INTLTOOL__v_MERGE_$(AM_DEFAULT_VERBOSITY))'
LD='/usr/bin/ld'
LDFLAGS='-Wl,-z,defs -Wl,--as-needed'
LIBOBJS=''
LIBS=''
LIBTOOL='$(SHELL) $(top_builddir)/libtool'
LIPO=''
LN_S='ln -s'
LTLIBOBJS=''
MAINT='#'
MAINTAINER_MODE_FALSE=''
MAINTAINER_MODE_TRUE='#'
MAKEINFO='${SHELL} /home/ikey/Athena/athena-open-terminal-0.19/missing --run makeinfo'
MANIFEST_TOOL=':'
MKDIR_P='/bin/mkdir -p'
MKINSTALLDIRS='./mkinstalldirs'
MSGFMT='/usr/bin/msgfmt'
MSGFMT_OPTS='-c'
MSGMERGE='/usr/bin/msgmerge'
NM='/usr/bin/nm -B'
NMEDIT=''
OBJDUMP='objdump'
OBJEXT='o'
OTOOL64=''
OTOOL=''
PACKAGE='athena-open-terminal'
PACKAGE_BUGREPORT=''
PACKAGE_NAME=''
PACKAGE_STRING=''
PACKAGE_TARNAME=''
PACKAGE_URL=''
PACKAGE_VERSION=''
PATH_SEPARATOR=':'
PKG_CONFIG='/usr/bin/pkg-config'
PKG_CONFIG_LIBDIR=''
PKG_CONFIG_PATH=''
POFILES=''
POSUB='po'
PO_IN_DATADIR_FALSE=''
PO_IN_DATADIR_TRUE=''
RANLIB='ranlib'
SED='/bin/sed'
SET_MAKE=''
SHELL='/bin/bash'
STRIP='strip'
USE_NLS='yes'
VERSION='0.19'
XGETTEXT='/usr/bin/xgettext'
ac_ct_AR='ar'
ac_ct_CC='gcc'
ac_ct_DUMPBIN=''
am__EXEEXT_FALSE=''
am__EXEEXT_TRUE='#'
am__fastdepCC_FALSE=''
am__fastdepCC_TRUE='#'
am__include='include'
am__isrc=''
am__leading_dot='.'
am__nodep=''
am__quote=''
am__tar='$${TAR-tar} chof - "$$tardir"'
am__untar='$${TAR-tar} xf -'
bindir='${exec_prefix}/bin'
build='i486-pc-linux-gnu'
build_alias='i486-linux-gnu'
build_cpu='i486'
build_os='linux-gnu'
build_vendor='pc'
datadir='${datarootdir}'
datarootdir='${prefix}/share'
docdir='${datarootdir}/doc/${PACKAGE}'
dvidir='${docdir}'
exec_prefix='${prefix}'
host='i486-pc-linux-gnu'
host_alias=''
host_cpu='i486'
host_os='linux-gnu'
host_vendor='pc'
htmldir='${docdir}'
includedir='${prefix}/include'
infodir='${prefix}/share/info'
install_sh='${SHELL} /home/ikey/Athena/athena-open-terminal-0.19/install-sh'
intltool__v_merge_options_0='-q'
intltool__v_merge_options_='$(intltool__v_merge_options_$(AM_DEFAULT_VERBOSITY))'
libdir='${exec_prefix}/lib'
libexecdir='${prefix}/lib/athena-open-terminal'
localedir='${datarootdir}/locale'
localstatedir='/var'
mandir='${prefix}/share/man'
mkdir_p='/bin/mkdir -p'
oldincludedir='/usr/include'
pdfdir='${docdir}'
prefix='/usr'
program_transform_name='s,x,x,'
psdir='${docdir}'
sbindir='${exec_prefix}/sbin'
sharedstatedir='${prefix}/com'
sysconfdir='/etc'
target_alias=''

## ----------- ##
## confdefs.h. ##
## ----------- ##

/* confdefs.h */
#define PACKAGE_NAME ""
#define PACKAGE_TARNAME ""
#define PACKAGE_VERSION ""
#define PACKAGE_STRING ""
#define PACKAGE_BUGREPORT ""
#define PACKAGE_URL ""
#define PACKAGE "athena-open-terminal"
#define VERSION "0.19"
#define STDC_HEADERS 1
#define HAVE_SYS_TYPES_H 1
#define HAVE_SYS_STAT_H 1
#define HAVE_STDLIB_H 1
#define HAVE_STRING_H 1
#define HAVE_MEMORY_H 1
#define HAVE_STRINGS_H 1
#define HAVE_INTTYPES_H 1
#define HAVE_STDINT_H 1
#define HAVE_UNISTD_H 1
#define HAVE_DLFCN_H 1
#define LT_OBJDIR ".libs/"
#define GETTEXT_PACKAGE "athena-open-terminal"
#define HAVE_LOCALE_H 1
#define HAVE_LC_MESSAGES 1
#define HAVE_BIND_TEXTDOMAIN_CODESET 1
#define HAVE_GETTEXT 1
#define HAVE_DCGETTEXT 1
#define ENABLE_NLS 1

configure: exit 0
